<?xml version="1.0" encoding="UTF-8"?>
<!-- Generated by org.testng.reporters.JUnitReportReporter -->
<testsuite skipped="0" hostname="KASHTECH-PC" name="com.TestScenarios.FB_Login" tests="1" failures="0" timestamp="2020-01-06T18:07:33 GMT" time="10.102" errors="0">
  <testcase name="f" time="10.102" classname="com.TestScenarios.FB_Login"/>
  <system-out/>
</testsuite> <!-- com.TestScenarios.FB_Login -->
